d:\acado\mine\try_run_3\try_run_3\x64\debug\vc141.pdb
d:\acado\mine\try_run_3\try_run_3\x64\debug\vc141.idb
d:\acado\mine\try_run_3\try_run_3\x64\debug\uti.obj
d:\acado\mine\try_run_3\try_run_3\x64\debug\lifted_newton.obj
d:\acado\mine\try_run_3\try_run_3\x64\debug\initial_value.obj
d:\acado\mine\try_run_3\try_run_3\x64\debug\source.obj
d:\acado\mine\try_run_3\try_run_3\x64\debug\runge_kutta.obj
d:\acado\mine\try_run_3\try_run_3\x64\debug\predict.obj
d:\acado\mine\try_run_3\try_run_3\x64\debug\ms.obj
d:\acado\mine\try_run_3\try_run_3\x64\debug\matrix_cal.obj
d:\acado\mine\try_run_3\try_run_3\x64\debug\inverse_kinematics.obj
d:\acado\mine\try_run_3\try_run_3\x64\debug\gradient_u.obj
d:\acado\mine\try_run_3\try_run_3\x64\debug\cost_function.obj
d:\acado\mine\try_run_3\try_run_3\x64\debug\ab.obj
d:\acado\mine\try_run_3\x64\debug\try_run_3.exe
d:\acado\mine\try_run_3\x64\debug\try_run_3.ilk
d:\acado\mine\try_run_3\x64\debug\try_run_3.pdb
d:\acado\mine\try_run_3\try_run_3\x64\debug\try_run_3.tlog\cl.command.1.tlog
d:\acado\mine\try_run_3\try_run_3\x64\debug\try_run_3.tlog\cl.read.1.tlog
d:\acado\mine\try_run_3\try_run_3\x64\debug\try_run_3.tlog\cl.write.1.tlog
d:\acado\mine\try_run_3\try_run_3\x64\debug\try_run_3.tlog\link.command.1.tlog
d:\acado\mine\try_run_3\try_run_3\x64\debug\try_run_3.tlog\link.read.1.tlog
d:\acado\mine\try_run_3\try_run_3\x64\debug\try_run_3.tlog\link.write.1.tlog
